

Started GET "/media_sets/61" for 127.0.0.1 at Thu Feb 24 15:29:54 +0100 2011

Mysql2::Error (Can't connect to local MySQL server through socket '/var/run/mysqld/mysqld.sock' (2)):
  mysql2 (0.2.6) lib/mysql2/client.rb:37:in `connect'
  mysql2 (0.2.6) lib/mysql2/client.rb:37:in `initialize'
  mysql2 (0.2.6) lib/active_record/connection_adapters/mysql2_adapter.rb:14:in `new'
  mysql2 (0.2.6) lib/active_record/connection_adapters/mysql2_adapter.rb:14:in `mysql2_connection'
  activerecord (3.0.4) lib/active_record/connection_adapters/abstract/connection_pool.rb:229:in `send'
  activerecord (3.0.4) lib/active_record/connection_adapters/abstract/connection_pool.rb:229:in `new_connection'
  activerecord (3.0.4) lib/active_record/connection_adapters/abstract/connection_pool.rb:237:in `checkout_new_connection'
  activerecord (3.0.4) lib/active_record/connection_adapters/abstract/connection_pool.rb:191:in `checkout'
  activerecord (3.0.4) lib/active_record/connection_adapters/abstract/connection_pool.rb:187:in `loop'
  activerecord (3.0.4) lib/active_record/connection_adapters/abstract/connection_pool.rb:187:in `checkout'
  /System/Library/Frameworks/Ruby.framework/Versions/1.8/usr/lib/ruby/1.8/monitor.rb:242:in `synchronize'
  activerecord (3.0.4) lib/active_record/connection_adapters/abstract/connection_pool.rb:186:in `checkout'
  activerecord (3.0.4) lib/active_record/connection_adapters/abstract/connection_pool.rb:94:in `connection'
  activerecord (3.0.4) lib/active_record/connection_adapters/abstract/connection_pool.rb:317:in `retrieve_connection'
  activerecord (3.0.4) lib/active_record/connection_adapters/abstract/connection_specification.rb:97:in `retrieve_connection'
  activerecord (3.0.4) lib/active_record/connection_adapters/abstract/connection_specification.rb:89:in `connection'
  activerecord (3.0.4) lib/active_record/query_cache.rb:12:in `cache'
  activerecord (3.0.4) lib/active_record/query_cache.rb:31:in `call'
  activerecord (3.0.4) lib/active_record/connection_adapters/abstract/connection_pool.rb:354:in `call'
  actionpack (3.0.4) lib/action_dispatch/middleware/callbacks.rb:46:in `call'
  activesupport (3.0.4) lib/active_support/callbacks.rb:415:in `_run_call_callbacks'
  actionpack (3.0.4) lib/action_dispatch/middleware/callbacks.rb:44:in `call'
  rack (1.2.1) lib/rack/sendfile.rb:107:in `call'
  actionpack (3.0.4) lib/action_dispatch/middleware/remote_ip.rb:48:in `call'
  actionpack (3.0.4) lib/action_dispatch/middleware/show_exceptions.rb:47:in `call'
  railties (3.0.4) lib/rails/rack/logger.rb:13:in `call'
  rack (1.2.1) lib/rack/runtime.rb:17:in `call'
  activesupport (3.0.4) lib/active_support/cache/strategy/local_cache.rb:72:in `call'
  rack (1.2.1) lib/rack/lock.rb:11:in `call'
  rack (1.2.1) lib/rack/lock.rb:11:in `synchronize'
  rack (1.2.1) lib/rack/lock.rb:11:in `call'
  actionpack (3.0.4) lib/action_dispatch/middleware/static.rb:30:in `call'
  railties (3.0.4) lib/rails/application.rb:168:in `call'
  railties (3.0.4) lib/rails/application.rb:77:in `send'
  railties (3.0.4) lib/rails/application.rb:77:in `method_missing'
  railties (3.0.4) lib/rails/rack/log_tailer.rb:14:in `call'
  rack (1.2.1) lib/rack/content_length.rb:13:in `call'
  rack (1.2.1) lib/rack/handler/webrick.rb:52:in `service'
  /System/Library/Frameworks/Ruby.framework/Versions/1.8/usr/lib/ruby/1.8/webrick/httpserver.rb:104:in `service'
  /System/Library/Frameworks/Ruby.framework/Versions/1.8/usr/lib/ruby/1.8/webrick/httpserver.rb:65:in `run'
  /System/Library/Frameworks/Ruby.framework/Versions/1.8/usr/lib/ruby/1.8/webrick/server.rb:173:in `start_thread'
  /System/Library/Frameworks/Ruby.framework/Versions/1.8/usr/lib/ruby/1.8/webrick/server.rb:162:in `start'
  /System/Library/Frameworks/Ruby.framework/Versions/1.8/usr/lib/ruby/1.8/webrick/server.rb:162:in `start_thread'
  /System/Library/Frameworks/Ruby.framework/Versions/1.8/usr/lib/ruby/1.8/webrick/server.rb:95:in `start'
  /System/Library/Frameworks/Ruby.framework/Versions/1.8/usr/lib/ruby/1.8/webrick/server.rb:92:in `each'
  /System/Library/Frameworks/Ruby.framework/Versions/1.8/usr/lib/ruby/1.8/webrick/server.rb:92:in `start'
  /System/Library/Frameworks/Ruby.framework/Versions/1.8/usr/lib/ruby/1.8/webrick/server.rb:23:in `start'
  /System/Library/Frameworks/Ruby.framework/Versions/1.8/usr/lib/ruby/1.8/webrick/server.rb:82:in `start'
  rack (1.2.1) lib/rack/handler/webrick.rb:13:in `run'
  rack (1.2.1) lib/rack/server.rb:213:in `start'
  railties (3.0.4) lib/rails/commands/server.rb:65:in `start'
  railties (3.0.4) lib/rails/commands.rb:30
  railties (3.0.4) lib/rails/commands.rb:27:in `tap'
  railties (3.0.4) lib/rails/commands.rb:27
  script/rails:6:in `require'
  script/rails:6

Rendered /Library/Ruby/Gems/1.8/gems/actionpack-3.0.4/lib/action_dispatch/middleware/templates/rescues/_trace.erb (0.8ms)
Rendered /Library/Ruby/Gems/1.8/gems/actionpack-3.0.4/lib/action_dispatch/middleware/templates/rescues/_request_and_response.erb (2.6ms)
Rendered /Library/Ruby/Gems/1.8/gems/actionpack-3.0.4/lib/action_dispatch/middleware/templates/rescues/diagnostics.erb within rescues/layout (8.6ms)
